JvmtiExport can_access_local_variables 0
JvmtiExport can_hotswap_or_post_breakpoint 1
JvmtiExport can_post_on_exceptions 0
# 572 ciObject found
ciInstanceKlass java/util/Iterator 1 1 53 100 8 10 10 11 11 11 7 100 1 1 1 1 1 1 1 1 1 1 1 1 1 1 1 1 1 1 1 1 1 1 1 1 1 1 12 7 12 12 12 7 12 1 1 1 1 1 1 1 1 1 1
instanceKlass com/google/javascript/jscomp/InlineObjectLiterals$1
instanceKlass java/lang/StrictMath
instanceKlass com/google/javascript/jscomp/DeadPropertyAssignmentElimination$1
instanceKlass com/google/javascript/jscomp/CodingConvention$Bind
instanceKlass com/google/javascript/rhino/Node$AncestorIterable$1
instanceKlass com/google/javascript/rhino/Node$AncestorIterable
instanceKlass com/google/javascript/jscomp/RenameLabels$LabelInfo
instanceKlass com/google/javascript/jscomp/CodingConvention$SubclassRelationship
instanceKlass com/google/javascript/jscomp/PeepholeOptimizationsPass$1
instanceKlass com/google/javascript/jscomp/CombinedCompilerPass$1
instanceKlass com/google/javascript/jscomp/parsing/parser/Parser$PartialClassElement
instanceKlass com/google/javascript/jscomp/PersistentInputStore
instanceKlass com/google/javascript/jscomp/RhinoErrorReporter$1
instanceKlass com/google/javascript/jscomp/parsing/AutoValue_Config$1
instanceKlass jdk/internal/math/FDBigInteger
instanceKlass com/google/javascript/jscomp/CodingConventions$1
instanceKlass com/google/javascript/jscomp/SourceMap
instanceKlass com/google/javascript/jscomp/FunctionInformationMapOrBuilder
instanceKlass com/google/debugging/sourcemap/proto/Mapping$OriginalMappingOrBuilder
instanceKlass com/google/common/base/Predicates$1
instanceKlass com/google/javascript/jscomp/parsing/parser/trees/Comment
instanceKlass com/google/javascript/jscomp/deps/AutoValue_SimpleDependencyInfo$1
instanceKlass com/google/javascript/jscomp/ExploitAssigns$1
instanceKlass com/google/javascript/jscomp/RemoveUnusedCode$RemovableBuilder
instanceKlass com/google/javascript/jscomp/NodeUtil$VarCollector
instanceKlass com/google/javascript/jscomp/PeepholeMinimizeConditions$1
instanceKlass com/google/javascript/jscomp/PerformanceTracker
instanceKlass com/google/javascript/jscomp/parsing/parser/util/format/SimpleFormat$1
instanceKlass com/google/javascript/jscomp/parsing/parser/trees/FunctionDeclarationTree$Builder
instanceKlass com/google/javascript/jscomp/VarCheck$1
instanceKlass com/google/javascript/jscomp/parsing/parser/trees/ParseTree$1
instanceKlass com/google/common/base/Ascii
instanceKlass com/google/javascript/rhino/TokenUtil
instanceKlass com/google/javascript/jscomp/AbstractMessageFormatter$1
instanceKlass com/google/javascript/jscomp/JSError$1
instanceKlass com/google/javascript/jscomp/JsAst$ParseResult
instanceKlass com/google/common/base/ExtraObjectsMethodsForWeb
instanceKlass com/google/javascript/jscomp/BasicErrorManager$ErrorWithLevel
instanceKlass com/google/javascript/jscomp/JsAst$RhinoError
instanceKlass edu/berkeley/cs/jqf/fuzz/afl/AFLGuidance$1
instanceKlass org/hamcrest/BaseMatcher
instanceKlass org/hamcrest/Matcher
instanceKlass org/hamcrest/CoreMatchers
instanceKlass org/junit/Assume
instanceKlass java/util/PriorityQueue$Itr
instanceKlass com/google/javascript/jscomp/Result
instanceKlass com/google/javascript/jscomp/Compiler$4
instanceKlass com/google/javascript/jscomp/SubstituteEs6Syntax$1
instanceKlass com/google/javascript/rhino/Token$1
instanceKlass com/google/javascript/jscomp/AstValidator$2
instanceKlass com/google/javascript/jscomp/AstValidator$1
instanceKlass com/google/javascript/jscomp/AstValidator$ViolationHandler
instanceKlass com/google/javascript/jscomp/AstValidator
instanceKlass com/google/javascript/jscomp/RenameLabels$1
instanceKlass com/google/javascript/jscomp/RenameLabels$LabelNamespace
instanceKlass com/google/javascript/jscomp/RenameLabels$ProcessLabels
instanceKlass com/google/javascript/jscomp/RenameLabels$DefaultNameSupplier
instanceKlass com/google/javascript/jscomp/RenameLabels
instanceKlass com/google/common/base/Splitter$3
instanceKlass java/util/regex/Pattern$2
instanceKlass com/google/common/base/CommonMatcher
instanceKlass com/google/javascript/jscomp/VariableMap$1
instanceKlass com/google/javascript/jscomp/VariableMap
instanceKlass com/google/javascript/jscomp/ShadowVariables
instanceKlass com/google/javascript/jscomp/RenameVars$2
instanceKlass com/google/javascript/jscomp/RenameVars$1
instanceKlass com/google/javascript/jscomp/RenameVars
instanceKlass com/google/javascript/jscomp/DefaultPassConfig$110$1
instanceKlass com/google/common/collect/SortedSetMultimap
instanceKlass com/google/common/collect/Multimaps
instanceKlass com/google/common/collect/MultimapBuilder$ArrayListSupplier
instanceKlass com/google/common/collect/MultimapBuilder$MultimapBuilderWithKeys
instanceKlass com/google/common/collect/MultimapBuilder
instanceKlass com/google/javascript/jscomp/MakeDeclaredNamesUnique$ContextualRenameInverter
instanceKlass com/google/javascript/jscomp/Denormalize
instanceKlass com/google/javascript/jscomp/CollapseVariableDeclarations
instanceKlass com/google/javascript/jscomp/DefaultPassConfig$104$1
instanceKlass com/google/javascript/jscomp/CoalesceVariableNames$1
instanceKlass com/google/javascript/jscomp/graph/GraphColoring
instanceKlass com/google/javascript/jscomp/ConvertToDottedProperties$1
instanceKlass com/google/javascript/jscomp/UnreachableCodeElimination$2
instanceKlass com/google/javascript/jscomp/UnreachableCodeElimination$1
instanceKlass com/google/javascript/jscomp/UnreachableCodeElimination
instanceKlass com/google/javascript/jscomp/NodeTraversal$1
instanceKlass com/google/javascript/jscomp/MemoizedScopeCreator
instanceKlass com/google/javascript/jscomp/MinimizedCondition$MeasuredNode
instanceKlass com/google/javascript/jscomp/MinimizedCondition$1
instanceKlass com/google/javascript/jscomp/MinimizedCondition
instanceKlass com/google/javascript/jscomp/PeepholeFoldConstants$1
instanceKlass com/google/javascript/jscomp/PeepholeRemoveDeadCode$1
instanceKlass com/google/javascript/jscomp/PeepholeSubstituteAlternateSyntax$1
instanceKlass com/google/javascript/jscomp/PeepholeMinimizeConditions$2
instanceKlass com/google/javascript/jscomp/MinimizeExitPoints$1
instanceKlass com/google/javascript/jscomp/PeepholeOptimizationsPass
instanceKlass com/google/javascript/jscomp/PeepholeRemoveDeadCode$MatchUnnamedBreak
instanceKlass com/google/javascript/jscomp/JSDocInfoPrinter
instanceKlass com/google/javascript/jscomp/CodeGenerator
instanceKlass com/google/common/collect/AbstractMapBasedMultimap$Itr
instanceKlass com/google/javascript/jscomp/RemoveUnusedCode$1
instanceKlass com/google/javascript/jscomp/RemoveUnusedCode$Continuation
instanceKlass com/google/javascript/jscomp/RemoveUnusedCode$VarInfo
instanceKlass com/google/javascript/jscomp/RemoveUnusedCode$Removable
instanceKlass com/google/javascript/jscomp/RemoveUnusedCode
instanceKlass com/google/javascript/jscomp/RemoveUnusedCode$Builder
instanceKlass com/google/javascript/jscomp/ReferenceCollection
instanceKlass com/google/javascript/jscomp/Reference
instanceKlass com/google/javascript/jscomp/InlineObjectLiterals$InliningBehavior
instanceKlass com/google/javascript/jscomp/InlineObjectLiterals
instanceKlass com/google/javascript/jscomp/InlineVariables$IdentifyLocals
instanceKlass com/google/javascript/jscomp/InlineVariables$1
instanceKlass com/google/javascript/jscomp/InlineVariables$InliningBehavior
instanceKlass com/google/javascript/jscomp/InlineVariables$IdentifyConstants
instanceKlass com/google/javascript/jscomp/InlineVariables
instanceKlass com/google/javascript/jscomp/InlineFunctions$Function
instanceKlass com/google/javascript/jscomp/FunctionInjector$1
instanceKlass com/google/javascript/jscomp/InlineCostEstimator
instanceKlass com/google/javascript/jscomp/FunctionInjector
instanceKlass com/google/javascript/jscomp/InlineFunctions$CallVisitorCallback
instanceKlass com/google/javascript/jscomp/FunctionInjector$Reference
instanceKlass com/google/javascript/jscomp/InlineFunctions
instanceKlass com/google/javascript/jscomp/J2clClinitPrunerPass
instanceKlass com/google/javascript/jscomp/J2clConstantHoisterPass
instanceKlass com/google/javascript/jscomp/DeadPropertyAssignmentElimination$FunctionVisitor
instanceKlass com/google/javascript/jscomp/DeadPropertyAssignmentElimination$GetterSetterCollector
instanceKlass com/google/javascript/jscomp/NodeTraversal$ChangeScopeRootCallback
instanceKlass com/google/javascript/jscomp/DeadPropertyAssignmentElimination
instanceKlass com/google/javascript/jscomp/PhaseOptimizer$ScopedChangeHandler
instanceKlass com/google/javascript/jscomp/ClosureOptimizePrimitives
instanceKlass com/google/javascript/jscomp/OptimizeArgumentsArray
instanceKlass com/google/javascript/jscomp/Compiler$8
instanceKlass com/google/javascript/jscomp/J2clPass
instanceKlass com/google/javascript/jscomp/GatherExternProperties$1
instanceKlass com/google/javascript/jscomp/MakeDeclaredNamesUnique$1
instanceKlass com/google/common/collect/Count
instanceKlass com/google/javascript/jscomp/MakeDeclaredNamesUnique$ContextualRenamer
instanceKlass com/google/javascript/jscomp/NodeTraversal$AbstractScopedCallback
instanceKlass com/google/javascript/jscomp/Normalize$DuplicateDeclarationHandler
instanceKlass com/google/javascript/jscomp/Normalize$ScopeTicklingCallback
instanceKlass com/google/javascript/jscomp/Normalize$1
instanceKlass com/google/javascript/jscomp/Normalize$NormalizeStatements
instanceKlass com/google/javascript/jscomp/Normalize
instanceKlass com/google/common/collect/AbstractIterator$1
instanceKlass com/google/common/base/Predicates$NotPredicate
instanceKlass com/google/common/base/Predicates$InPredicate
instanceKlass com/google/javascript/jscomp/ProcessDefines$1
instanceKlass com/google/javascript/jscomp/ProcessDefines$CollectDefines
instanceKlass com/google/javascript/jscomp/GlobalNamespace$Ref
instanceKlass com/google/javascript/jscomp/GlobalNamespace$Name
instanceKlass com/google/javascript/jscomp/GlobalNamespace$1
instanceKlass com/google/javascript/jscomp/GlobalNamespace
instanceKlass com/google/javascript/jscomp/DefaultPassConfig$57$1
instanceKlass com/google/javascript/jscomp/DefaultPassConfig$59$1
instanceKlass com/google/javascript/jscomp/Compiler$3
instanceKlass com/google/javascript/jscomp/ReplaceCssNames
instanceKlass com/google/javascript/jscomp/DefaultPassConfig$28$1
instanceKlass com/google/javascript/jscomp/ConstCheck$1
instanceKlass com/google/javascript/jscomp/graph/GraphReachability$EdgeTuple
instanceKlass com/google/javascript/jscomp/graph/FixedPointGraphTraversal
instanceKlass com/google/javascript/jscomp/graph/GraphReachability$1
instanceKlass com/google/javascript/jscomp/graph/Annotation
instanceKlass com/google/javascript/jscomp/graph/GraphReachability
instanceKlass com/google/javascript/jscomp/graph/FixedPointGraphTraversal$EdgeCallback
instanceKlass com/google/javascript/jscomp/ControlFlowGraph$1
instanceKlass com/google/common/base/Predicates$IsEqualToPredicate
instanceKlass com/google/javascript/jscomp/ControlFlowAnalysis$2
instanceKlass com/google/javascript/jscomp/graph/SubGraph
instanceKlass com/google/javascript/jscomp/graph/LinkedDirectedGraph$LinkedDirectedGraphNode
instanceKlass com/google/javascript/jscomp/graph/GraphvizGraph$GraphvizNode
instanceKlass com/google/javascript/jscomp/graph/DiGraph$DiGraphNode
instanceKlass com/google/javascript/jscomp/graph/GraphNode
instanceKlass com/google/javascript/jscomp/graph/LinkedDirectedGraph$LinkedDirectedGraphEdge
instanceKlass com/google/javascript/jscomp/graph/GraphvizGraph$GraphvizEdge
instanceKlass com/google/javascript/jscomp/graph/DiGraph$DiGraphEdge
instanceKlass com/google/javascript/jscomp/graph/Graph$GraphEdge
instanceKlass com/google/javascript/jscomp/graph/Annotatable
instanceKlass com/google/javascript/jscomp/ControlFlowAnalysis$1
instanceKlass com/google/javascript/jscomp/ControlFlowAnalysis
instanceKlass java/util/logging/LogRecord
instanceKlass com/google/javascript/jscomp/J2clSourceFileChecker
instanceKlass com/google/javascript/jscomp/InferConsts
instanceKlass com/google/javascript/jscomp/SyntheticAst
instanceKlass java/text/AttributedCharacterIterator$Attribute
instanceKlass com/google/javascript/jscomp/VarCheck$NameRefInExternsCheck
instanceKlass com/google/javascript/jscomp/VarCheck$RedeclarationCheckHandler
instanceKlass com/google/javascript/jscomp/JSError
instanceKlass java/lang/StackTraceElement$HashedModules
instanceKlass java/lang/Throwable$PrintStreamOrWriter
instanceKlass java/lang/invoke/LambdaForm$MH
instanceKlass java/lang/invoke/LambdaForm$MH
instanceKlass java/lang/invoke/LambdaForm$MH
instanceKlass java/lang/invoke/LambdaForm$MH
instanceKlass java/lang/invoke/LambdaForm$MH
instanceKlass java/lang/invoke/LambdaForm$MH
instanceKlass java/lang/invoke/LambdaForm$MH
instanceKlass com/google/javascript/jscomp/ProcessClosurePrimitives$2
instanceKlass com/google/javascript/jscomp/DefaultPassConfig$11$1
instanceKlass com/google/javascript/jscomp/ProcessClosurePrimitives$ProvidedName
instanceKlass com/google/javascript/jscomp/MakeDeclaredNamesUnique$Renamer
instanceKlass com/google/javascript/rhino/SourcePosition
instanceKlass com/google/common/primitives/Ints
instanceKlass com/google/common/collect/AbstractMapBasedMultiset$1
instanceKlass com/google/common/collect/SortedMultiset
instanceKlass com/google/common/collect/SortedIterable
instanceKlass com/google/common/collect/SortedMultisetBridge
instanceKlass com/google/common/collect/Multiset$Entry
instanceKlass com/google/common/collect/Multisets
instanceKlass com/google/javascript/jscomp/ScopedAliases
instanceKlass com/google/javascript/rhino/Node$SiblingNodeIterator
instanceKlass com/google/javascript/rhino/Node$SiblingNodeIterable
instanceKlass com/google/javascript/jscomp/DeclaredGlobalExternsOnWindow
instanceKlass com/google/javascript/jscomp/ClosureRewriteModule$ScriptUpdater
instanceKlass com/google/javascript/jscomp/ClosureRewriteModule$ScriptRecorder
instanceKlass com/google/javascript/jscomp/ClosureRewriteModule$ScriptDescription
instanceKlass com/google/javascript/jscomp/ClosureRewriteModule$2
instanceKlass com/google/javascript/jscomp/ClosureRewriteModule$GlobalRewriteState
instanceKlass com/google/javascript/jscomp/ClosureRewriteModule$1
instanceKlass com/google/javascript/jscomp/StrictModeCheck$1
instanceKlass com/google/javascript/jscomp/GlobalVarReferenceMap
instanceKlass com/google/javascript/jscomp/ReferenceCollectingCallback$ReferenceMapWrapper
instanceKlass com/google/javascript/jscomp/ReferenceCollectingCallback$2
instanceKlass com/google/javascript/jscomp/BasicBlock
instanceKlass com/google/javascript/jscomp/NodeTraversal$3
instanceKlass com/google/common/base/Predicates
instanceKlass com/google/javascript/jscomp/VariableReferenceCheck$ReferenceCheckingBehavior
instanceKlass com/google/javascript/jscomp/ReferenceCollectingCallback$1
instanceKlass com/google/javascript/jscomp/ReferenceMap
instanceKlass com/google/javascript/jscomp/ReferenceCollectingCallback
instanceKlass com/google/javascript/jscomp/Es6CheckModule$1
instanceKlass com/google/javascript/jscomp/CombinedCompilerPass$CallbackWrapper
instanceKlass com/google/javascript/jscomp/CombinedCompilerPass
instanceKlass com/google/javascript/jscomp/PassFactory$1$1
instanceKlass com/google/javascript/jscomp/PhaseOptimizer$NamedPass
instanceKlass com/google/javascript/jscomp/PhaseOptimizer$Loop
instanceKlass com/google/javascript/jscomp/TranspilationPasses
instanceKlass com/google/javascript/jscomp/OptimizeCalls$CallGraphCompilerPass
instanceKlass com/google/javascript/jscomp/JsMessage$IdGenerator
instanceKlass com/google/javascript/jscomp/PhaseOptimizer$ProgressRange
instanceKlass com/google/javascript/jscomp/PhaseOptimizer
instanceKlass com/google/javascript/jscomp/Compiler$2
instanceKlass com/google/common/collect/LinkedListMultimap$ValueForKeyIterator
instanceKlass com/google/common/collect/LinkedListMultimap$DistinctKeyIterator
instanceKlass com/google/common/collect/LinkedListMultimap$KeyList
instanceKlass java/util/ArrayDeque$$Lambda$87
instanceKlass com/google/common/collect/LinkedHashMultimap$ValueSet$1
instanceKlass com/google/common/collect/AbstractMapBasedMultimap$WrappedCollection$WrappedIterator
instanceKlass com/google/common/collect/LinkedHashMultimap$ValueSetLink
instanceKlass com/google/common/collect/Multiset
instanceKlass com/google/common/collect/AbstractMultimap
instanceKlass com/google/common/collect/SetMultimap
instanceKlass com/google/javascript/jscomp/deps/Es6SortedDependencies
instanceKlass com/google/javascript/jscomp/Es6SyntacticScopeCreator$1
instanceKlass com/google/javascript/jscomp/Es6SyntacticScopeCreator$ScopeScanner
instanceKlass com/google/javascript/rhino/Node$1
instanceKlass com/google/common/collect/Lists
instanceKlass com/google/javascript/jscomp/FindModuleDependencies
instanceKlass com/google/javascript/jscomp/ModuleIdentifier
instanceKlass com/google/javascript/jscomp/NodeUtil$11
instanceKlass com/google/javascript/rhino/TokenStream
instanceKlass com/google/javascript/jscomp/parsing/parser/Parser$1
instanceKlass java/util/EnumMap$EntryIterator$Entry
instanceKlass java/util/EnumMap$EnumMapIterator
instanceKlass com/google/javascript/jscomp/LazyParsedDependencyInfo
instanceKlass com/google/javascript/jscomp/deps/SimpleDependencyInfo$Builder
instanceKlass com/google/javascript/jscomp/deps/DependencyInfo$Base
instanceKlass com/google/javascript/jscomp/deps/JsFileParser$1
instanceKlass com/google/javascript/jscomp/deps/ModuleLoader$ModulePath
instanceKlass com/google/javascript/jscomp/deps/JsFileLineParser
instanceKlass com/google/javascript/jscomp/deps/ModuleNames
instanceKlass com/google/javascript/jscomp/PrepareAst$1
instanceKlass com/google/javascript/jscomp/NodeUtil$7
instanceKlass com/google/javascript/jscomp/NodeUtil$MatchNotClass
instanceKlass com/google/javascript/jscomp/NodeUtil$MatchNotFunction
instanceKlass com/google/javascript/jscomp/NodeUtil$6
instanceKlass com/google/javascript/jscomp/NodeUtil$5
instanceKlass com/google/javascript/jscomp/NodeUtil$4
instanceKlass com/google/javascript/jscomp/NodeUtil$3
instanceKlass com/google/javascript/jscomp/NodeUtil$1
instanceKlass com/google/javascript/jscomp/NodeUtil
instanceKlass com/google/javascript/jscomp/Es6SyntacticScopeCreator$DefaultScopeFactory
instanceKlass com/google/javascript/jscomp/Es6SyntacticScopeCreator$DefaultRedeclarationHandler
instanceKlass com/google/javascript/jscomp/Es6SyntacticScopeCreator$ScopeFactory
instanceKlass com/google/javascript/jscomp/Es6SyntacticScopeCreator
instanceKlass com/google/javascript/jscomp/NodeTraversal
instanceKlass com/google/javascript/jscomp/PrepareAst
instanceKlass com/google/javascript/jscomp/parsing/ParserRunner$ParseResult
instanceKlass com/google/javascript/jscomp/parsing/IRFactory$2
instanceKlass com/google/javascript/jscomp/parsing/IRFactory$TransformDispatcher
instanceKlass com/google/javascript/rhino/JSDocInfo
instanceKlass com/google/javascript/rhino/JSDocInfoBuilder
instanceKlass com/google/javascript/jscomp/parsing/IRFactory$1
instanceKlass com/google/javascript/jscomp/parsing/IRFactory
instanceKlass com/google/javascript/jscomp/parsing/parser/util/Timer$Entry
instanceKlass com/google/javascript/jscomp/parsing/parser/util/SourceRange
instanceKlass com/google/javascript/jscomp/parsing/parser/util/Timer
instanceKlass com/google/javascript/jscomp/parsing/parser/util/SourcePosition
instanceKlass com/google/javascript/jscomp/parsing/parser/Scanner
instanceKlass com/google/javascript/jscomp/parsing/parser/Parser$CommentRecorder
instanceKlass com/google/javascript/jscomp/parsing/parser/Token
instanceKlass com/google/javascript/jscomp/parsing/parser/Scanner$CommentRecorder
instanceKlass com/google/javascript/jscomp/parsing/parser/trees/ParseTree
instanceKlass com/google/javascript/jscomp/parsing/parser/Parser
instanceKlass com/google/javascript/jscomp/parsing/parser/Parser$Config
instanceKlass com/google/javascript/jscomp/parsing/ParserRunner$1
instanceKlass com/google/javascript/jscomp/parsing/parser/LineNumberTable
instanceKlass com/google/javascript/jscomp/parsing/parser/SourceFile
instanceKlass com/google/javascript/jscomp/parsing/Config$Builder
instanceKlass com/google/javascript/jscomp/parsing/Config
instanceKlass com/google/common/base/AbstractIterator$1
instanceKlass com/google/common/base/Splitter$5
instanceKlass com/google/javascript/jscomp/parsing/parser/util/ErrorReporter
instanceKlass com/google/javascript/jscomp/parsing/ParserRunner
instanceKlass com/google/javascript/jscomp/Compiler$17
instanceKlass com/google/javascript/jscomp/JsAst$RecordingReporterProxy
instanceKlass com/google/javascript/jscomp/Tracer$ThreadTrace
instanceKlass com/google/javascript/jscomp/Tracer$Stat
instanceKlass com/google/javascript/jscomp/Tracer$1
instanceKlass com/google/javascript/jscomp/Tracer$InternalClock
instanceKlass com/google/javascript/jscomp/Tracer
instanceKlass com/google/javascript/jscomp/CompilerOptionsPreprocessor
instanceKlass java/util/concurrent/ThreadPoolExecutor$AbortPolicy
instanceKlass java/util/concurrent/RejectedExecutionHandler
instanceKlass java/util/concurrent/AbstractExecutorService
instanceKlass java/util/concurrent/Executors$DelegatedExecutorService
instanceKlass java/util/concurrent/ExecutorService
instanceKlass java/util/concurrent/Executor
instanceKlass java/util/concurrent/Executors
instanceKlass com/google/javascript/jscomp/CompilerExecutor$1
instanceKlass com/google/javascript/jscomp/Compiler$6
instanceKlass com/google/gson/JsonElement
instanceKlass com/google/common/collect/ListMultimap
instanceKlass com/google/javascript/jscomp/deps/SortedDependencies
instanceKlass com/google/javascript/jscomp/JSModuleGraph
instanceKlass java/util/TreeMap$NavigableSubMap$SubMapIterator
instanceKlass java/util/Collections$ReverseComparator2
instanceKlass java/util/Collections$ReverseComparator
instanceKlass com/google/javascript/jscomp/ComposeWarningsGuard$1
instanceKlass java/util/TreeMap$PrivateEntryIterator
instanceKlass com/google/javascript/jscomp/RewritePolyfills
instanceKlass com/google/javascript/jscomp/CheckConformance$Rule
instanceKlass com/google/javascript/jscomp/CheckConformance
instanceKlass com/google/javascript/jscomp/AbstractPeepholeOptimization
instanceKlass com/google/javascript/jscomp/lint/CheckNullableReturn$1
instanceKlass com/google/javascript/jscomp/lint/CheckNullableReturn
instanceKlass com/google/javascript/jscomp/NodeTraversal$AbstractModuleCallback
instanceKlass com/google/javascript/jscomp/lint/CheckUselessBlocks
instanceKlass com/google/javascript/jscomp/lint/CheckUnusedLabels
instanceKlass com/google/javascript/jscomp/lint/CheckRequiresAndProvidesSorted$1
instanceKlass com/google/javascript/jscomp/NodeTraversal$AbstractShallowCallback
instanceKlass com/google/javascript/jscomp/lint/CheckPrototypeProperties
instanceKlass com/google/javascript/jscomp/CheckUnusedPrivateProperties
instanceKlass com/google/javascript/jscomp/parsing/parser/util/format/SimpleFormat$FormatToken
instanceKlass com/google/javascript/jscomp/parsing/parser/util/format/SimpleFormat$FormatSpecifierParser
instanceKlass com/google/javascript/jscomp/parsing/parser/util/format/SimpleFormat
instanceKlass com/google/javascript/jscomp/CssRenamingMap
instanceKlass com/google/javascript/jscomp/RenamingMap
instanceKlass com/google/common/base/AbstractIterator
instanceKlass com/google/common/base/Splitter$1
instanceKlass com/google/common/base/Splitter$Strategy
instanceKlass com/google/common/base/Splitter
instanceKlass com/google/javascript/jscomp/CheckMissingAndExtraRequires
instanceKlass com/google/javascript/jscomp/ClosureRewriteModule
instanceKlass com/google/javascript/jscomp/CheckProvides
instanceKlass com/google/javascript/jscomp/CollapseProperties
instanceKlass com/google/javascript/jscomp/DisambiguateProperties$Warnings
instanceKlass com/google/javascript/jscomp/CheckUnreachableCode$1
instanceKlass com/google/javascript/jscomp/ReferenceCollectingCallback$Behavior
instanceKlass com/google/javascript/jscomp/VariableReferenceCheck
instanceKlass com/google/javascript/jscomp/GlobalTypeInfoCollector
instanceKlass com/google/javascript/jscomp/newtypes/JSTypeCreatorFromJSDoc
instanceKlass com/google/javascript/jscomp/CheckMissingReturn$2
instanceKlass com/google/javascript/jscomp/CheckMissingReturn$1
instanceKlass com/google/javascript/jscomp/graph/GraphvizGraph
instanceKlass com/google/javascript/jscomp/graph/Graph
instanceKlass com/google/javascript/jscomp/graph/AdjacencyGraph
instanceKlass com/google/javascript/jscomp/CheckMissingReturn
instanceKlass com/google/javascript/jscomp/FunctionTypeBuilder
instanceKlass com/google/javascript/rhino/jstype/JSType$1
instanceKlass com/google/javascript/rhino/jstype/CanCastToVisitor
instanceKlass com/google/javascript/rhino/jstype/RelationshipVisitor
instanceKlass com/google/javascript/jscomp/TypedScopeCreator$AbstractScopeBuilder
instanceKlass com/google/javascript/jscomp/TypedScope$TypeResolver
instanceKlass com/google/javascript/jscomp/TypedScopeCreator
instanceKlass com/google/javascript/rhino/FunctionTypeI
instanceKlass com/google/javascript/rhino/jstype/StaticTypedScope
instanceKlass com/google/javascript/jscomp/TypeCheck
instanceKlass java/util/DualPivotQuicksort
instanceKlass com/google/common/base/CharMatcher
instanceKlass com/google/javascript/jscomp/ProcessTweaks
instanceKlass com/google/javascript/jscomp/ProcessDefines
instanceKlass com/google/javascript/jscomp/CheckGlobalNames
instanceKlass com/google/javascript/jscomp/Es6SyntacticScopeCreator$RedeclarationHandler
instanceKlass com/google/javascript/jscomp/AbstractScope
instanceKlass com/google/javascript/rhino/StaticScope
instanceKlass com/google/javascript/rhino/TypeIEnv
instanceKlass com/google/javascript/jscomp/newtypes/DeclaredTypeRegistry
instanceKlass com/google/javascript/jscomp/NewTypeInference
instanceKlass com/google/javascript/rhino/jstype/Visitor
instanceKlass com/google/javascript/rhino/jstype/StaticTypedRef
instanceKlass com/google/javascript/rhino/jstype/StaticTypedSlot
instanceKlass com/google/javascript/jscomp/AbstractVar
instanceKlass com/google/javascript/rhino/StaticRef
instanceKlass com/google/javascript/rhino/StaticSlot
instanceKlass com/google/javascript/rhino/ObjectTypeI
instanceKlass com/google/javascript/rhino/jstype/JSType
instanceKlass com/google/javascript/jscomp/TypeValidator
instanceKlass com/google/javascript/jscomp/NodeTraversal$AbstractPostOrderCallback
instanceKlass com/google/javascript/jscomp/HotSwapCompilerPass
instanceKlass com/google/javascript/jscomp/NodeTraversal$ScopedCallback
instanceKlass com/google/javascript/jscomp/CheckGlobalThis
instanceKlass com/google/javascript/jscomp/DiagnosticGroup
instanceKlass com/google/javascript/jscomp/NodeUtil$Visitor
instanceKlass com/google/javascript/jscomp/NodeTraversal$AbstractPreOrderCallback
instanceKlass com/google/javascript/jscomp/DiagnosticGroups
instanceKlass com/google/javascript/jscomp/deps/ModuleLoader$2
instanceKlass com/google/common/collect/TransformedIterator
instanceKlass com/google/common/collect/FluentIterable
instanceKlass com/google/common/collect/Iterables
instanceKlass com/google/javascript/jscomp/deps/ModuleLoader$NoopErrorHandler
instanceKlass com/google/javascript/jscomp/deps/ModuleLoader$1
instanceKlass com/google/javascript/jscomp/deps/ModuleResolver
instanceKlass com/google/javascript/jscomp/deps/ModuleLoader
instanceKlass com/google/javascript/jscomp/ThreadSafeDelegatingErrorManager
instanceKlass com/google/javascript/jscomp/BasicErrorManager$LeveledJSErrorComparator
instanceKlass com/google/javascript/jscomp/LightweightMessageFormatter$LineNumberingFormatter
instanceKlass com/google/javascript/jscomp/SourceExcerptProvider$ExcerptFormatter
instanceKlass com/google/javascript/jscomp/AbstractMessageFormatter
instanceKlass com/google/javascript/jscomp/BasicErrorManager
instanceKlass java/util/RegularEnumSet$EnumSetIterator
instanceKlass com/google/javascript/jscomp/parsing/parser/FeatureSet
instanceKlass com/google/javascript/rhino/InputId
instanceKlass com/google/javascript/jscomp/JsAst
instanceKlass com/google/javascript/jscomp/CompilerInput
instanceKlass com/google/javascript/jscomp/JSModule
instanceKlass com/google/javascript/jscomp/deps/DependencyInfo
instanceKlass com/google/common/io/CharStreams
instanceKlass com/google/javascript/jscomp/CompilerOptions$1
instanceKlass com/google/javascript/jscomp/CompilationLevel$1
instanceKlass org/junit/rules/MethodRule
instanceKlass org/junit/runners/BlockJUnit4ClassRunner$RuleCollector
instanceKlass com/google/common/base/CommonPattern
instanceKlass com/google/common/base/Platform$JdkPatternCompiler
instanceKlass com/google/common/base/PatternCompiler
instanceKlass com/google/common/base/Platform
instanceKlass com/google/common/base/Strings
instanceKlass java/nio/charset/StandardCharsets
instanceKlass com/google/javascript/jscomp/SourceFile$Builder
instanceKlass com/google/javascript/jscomp/Region
instanceKlass com/google/javascript/jscomp/MessageFormatter
instanceKlass com/google/common/collect/Sets
instanceKlass com/google/javascript/jscomp/DefaultNameGenerator$CharPriority
instanceKlass com/google/common/collect/Maps$EntryTransformer
instanceKlass com/google/common/collect/BiMap
instanceKlass com/google/common/base/Converter
instanceKlass com/google/common/base/Function
instanceKlass com/google/common/collect/SortedMapDifference
instanceKlass com/google/common/collect/MapDifference
instanceKlass com/google/common/collect/Maps
instanceKlass com/google/javascript/jscomp/DefaultNameGenerator
instanceKlass com/google/javascript/jscomp/RequirementOrBuilder
instanceKlass com/google/protobuf/GeneratedMessageV3$ExtendableMessageOrBuilder
instanceKlass com/google/protobuf/MessageReflection$MergeTarget
instanceKlass com/google/protobuf/AbstractMessageLite$Builder
instanceKlass com/google/protobuf/ExtensionRegistry$ExtensionInfo
instanceKlass com/google/protobuf/Descriptors$GenericDescriptor
instanceKlass com/google/protobuf/FieldSet$FieldDescriptorLite
instanceKlass com/google/protobuf/ExtensionRegistryFactory
instanceKlass com/google/protobuf/ExtensionLite
instanceKlass com/google/protobuf/ExtensionRegistryLite
instanceKlass com/google/protobuf/AbstractParser
instanceKlass com/google/protobuf/UnknownFieldSet
instanceKlass com/google/protobuf/Message$Builder
instanceKlass com/google/protobuf/MessageLite$Builder
instanceKlass com/google/protobuf/Parser
instanceKlass com/google/protobuf/GeneratedMessageV3$BuilderParent
instanceKlass com/google/protobuf/AbstractMessage$BuilderParent
instanceKlass com/google/protobuf/AbstractMessageLite
instanceKlass com/google/protobuf/Message
instanceKlass com/google/protobuf/MessageLite
instanceKlass com/google/javascript/jscomp/ConformanceConfigOrBuilder
instanceKlass com/google/protobuf/MessageOrBuilder
instanceKlass com/google/protobuf/MessageLiteOrBuilder
instanceKlass com/google/javascript/jscomp/resources/ResourceLoader
instanceKlass com/google/common/base/Predicate
instanceKlass java/util/NavigableSet
instanceKlass java/util/SortedSet
instanceKlass com/google/javascript/jscomp/ComposeWarningsGuard$GuardComparator
instanceKlass com/google/javascript/jscomp/DependencyOptions
instanceKlass com/google/common/base/Optional
instanceKlass com/google/javascript/jscomp/CompilerOptions$NullAliasTransformationHandler$NullAliasTransformation
instanceKlass com/google/javascript/jscomp/CompilerOptions$AliasTransformation
instanceKlass com/google/javascript/jscomp/CompilerOptions$NullAliasTransformationHandler
instanceKlass com/google/common/collect/Multimap
instanceKlass com/google/javascript/jscomp/CompilerOptions$AliasTransformationHandler
instanceKlass com/google/javascript/jscomp/NameGenerator
instanceKlass com/google/javascript/jscomp/IdGenerator
instanceKlass com/google/javascript/jscomp/RecentChange
instanceKlass com/google/javascript/jscomp/Timeline$Time
instanceKlass com/google/javascript/jscomp/Timeline$Event
instanceKlass com/google/javascript/jscomp/Timeline
instanceKlass com/google/javascript/jscomp/CompilerExecutor
instanceKlass com/google/common/collect/AbstractMapEntry
instanceKlass java/text/FieldPosition
instanceKlass java/util/ResourceBundle$Control$1
instanceKlass java/util/ResourceBundle$$Lambda$86
instanceKlass java/util/ResourceBundle$CacheKeyReference
instanceKlass java/util/ResourceBundle$CacheKey
instanceKlass java/util/ResourceBundle$ResourceBundleControlProviderHolder$$Lambda$85
instanceKlass java/util/ServiceLoader$ProviderSpliterator
instanceKlass java/util/spi/ResourceBundleControlProvider
instanceKlass java/util/ResourceBundle$ResourceBundleControlProviderHolder$$Lambda$84
instanceKlass java/util/ResourceBundle$ResourceBundleControlProviderHolder
instanceKlass java/util/ResourceBundle$1
instanceKlass jdk/i